  main.cpp
C:\Users\Константин\Desktop\Study\Algorithmisation\Семестр 2\11. Последовательные контейнеры библиотеки STL\Задача 3\Lab_11_Part_3\Vector.h(62,20): warning C4018: '<': signed/unsigned mismatch
C:\Users\Константин\Desktop\Study\Algorithmisation\Семестр 2\11. Последовательные контейнеры библиотеки STL\Задача 3\Lab_11_Part_3\Vector.h(61): message : while compiling class template member function 'void Vector<Time>::Print(void)'
C:\Users\Константин\Desktop\Study\Algorithmisation\Семестр 2\11. Последовательные контейнеры библиотеки STL\Задача 3\Lab_11_Part_3\main.cpp(16): message : see reference to function template instantiation 'void Vector<Time>::Print(void)' being compiled
C:\Users\Константин\Desktop\Study\Algorithmisation\Семестр 2\11. Последовательные контейнеры библиотеки STL\Задача 3\Lab_11_Part_3\main.cpp(12): message : see reference to class template instantiation 'Vector<Time>' being compiled
C:\Users\Константин\Desktop\Study\Algorithmisation\Семестр 2\11. Последовательные контейнеры библиотеки STL\Задача 3\Lab_11_Part_3\Vector.h(97,20): warning C4018: '<': signed/unsigned mismatch
C:\Users\Константин\Desktop\Study\Algorithmisation\Семестр 2\11. Последовательные контейнеры библиотеки STL\Задача 3\Lab_11_Part_3\Vector.h(93): message : while compiling class template member function 'T Vector<T>::average(void)'
          with
          [
              T=Time
          ]
C:\Users\Константин\Desktop\Study\Algorithmisation\Семестр 2\11. Последовательные контейнеры библиотеки STL\Задача 3\Lab_11_Part_3\main.cpp(18): message : see reference to function template instantiation 'T Vector<T>::average(void)' being compiled
          with
          [
              T=Time
          ]
C:\Users\Константин\Desktop\Study\Algorithmisation\Семестр 2\11. Последовательные контейнеры библиотеки STL\Задача 3\Lab_11_Part_3\Vector.h(88,20): warning C4018: '<': signed/unsigned mismatch
C:\Users\Константин\Desktop\Study\Algorithmisation\Семестр 2\11. Последовательные контейнеры библиотеки STL\Задача 3\Lab_11_Part_3\Vector.h(87): message : while compiling class template member function 'void Vector<Time>::add_all(T)'
          with
          [
              T=Time
          ]
C:\Users\Константин\Desktop\Study\Algorithmisation\Семестр 2\11. Последовательные контейнеры библиотеки STL\Задача 3\Lab_11_Part_3\main.cpp(22): message : see reference to function template instantiation 'void Vector<Time>::add_all(T)' being compiled
          with
          [
              T=Time
          ]
  Time.cpp
  Generating Code...
  LINK : C:\Users\Константин\Desktop\Study\Algorithmisation\Семестр 2\11. Последовательные контейнеры библиотеки STL\Задача 3\Lab_11_Part_3\Debug\Lab_11_Part_3.exe not found or not built by the last incremental link; performing full link
  Lab_11_Part_3.vcxproj -> C:\Users\Константин\Desktop\Study\Algorithmisation\Семестр 2\11. Последовательные контейнеры библиотеки STL\Задача 3\Lab_11_Part_3\Debug\Lab_11_Part_3.exe
